This is pdfTeX, Version 3.14159265-2.6-1.40.20 (MiKTeX 2.9.7200 64-bit) (preloaded format=pdflatex 2019.10.21)  30 OCT 2019 21:59
entering extended mode
**./LU2_Protokoll.tex
(LU2_Protokoll.tex
LaTeX2e <2019-10-01>

("C:\Users\Konstantin Kobel\AppData\Local\Programs\MiKTeX 2.9\tex/latex/base\ar
ticle.cls"
Document Class: article 2019/08/27 v1.4j Standard LaTeX document class

("C:\Users\Konstantin Kobel\AppData\Local\Programs\MiKTeX 2.9\tex/latex/base\si
ze12.clo"
File: size12.clo 2019/08/27 v1.4j Standard LaTeX file (size option)
)
\c@part=\count80
\c@section=\count81
\c@subsection=\count82
\c@subsubsection=\count83
\c@paragraph=\count84
\c@subparagraph=\count85
\c@figure=\count86
\c@table=\count87
\abovecaptionskip=\skip41
\belowcaptionskip=\skip42
\bibindent=\dimen102
)
("C:\Users\Konstantin Kobel\AppData\Local\Programs\MiKTeX 2.9\tex/latex/base\in
putenc.sty"
Package: inputenc 2018/08/11 v1.3c Input encoding file
\inpenc@prehook=\toks14
\inpenc@posthook=\toks15
)
("C:\Users\Konstantin Kobel\AppData\Local\Programs\MiKTeX 2.9\tex/generic/babel
\babel.sty"
Package: babel 2019/09/27 3.34 The Babel package

("C:\Users\Konstantin Kobel\AppData\Local\Programs\MiKTeX 2.9\tex/generic/babel
\switch.def"
File: switch.def 2019/09/27 3.34 Babel switching mechanism
)
*************************************
* Local config file bblopts.cfg used
*

("C:\Users\Konstantin Kobel\AppData\Local\Programs\MiKTeX 2.9\tex/latex/arabi\b
blopts.cfg"
File: bblopts.cfg 2005/09/08 v0.1 add Arabic and Farsi to "declared" options of
 babel
)
("C:\Users\Konstantin Kobel\AppData\Local\Programs\MiKTeX 2.9\tex/latex/babel-g
erman\ngerman.ldf"
Language: ngerman 2018/12/08 v2.11 German support for babel (post-1996 orthogra
phy)

("C:\Users\Konstantin Kobel\AppData\Local\Programs\MiKTeX 2.9\tex/latex/babel-g
erman\ngermanb.ldf"
Language: ngermanb 2018/12/08 v2.11 German support for babel (post-1996 orthogr
aphy)

("C:\Users\Konstantin Kobel\AppData\Local\Programs\MiKTeX 2.9\tex/generic/babel
\babel.def"
File: babel.def 2019/09/27 3.34 Babel common definitions
\babel@savecnt=\count88
\U@D=\dimen103

("C:\Users\Konstantin Kobel\AppData\Local\Programs\MiKTeX 2.9\tex/generic/babel
\txtbabel.def")
\bbl@dirlevel=\count89
)
Package babel Info: Making " an active character on input line 121.
)))
("C:\Users\Konstantin Kobel\AppData\Local\Programs\MiKTeX 2.9\tex/latex/geometr
y\geometry.sty"
Package: geometry 2018/04/16 v5.8 Page Geometry

("C:\Users\Konstantin Kobel\AppData\Local\Programs\MiKTeX 2.9\tex/latex/graphic
s\keyval.sty"
Package: keyval 2014/10/28 v1.15 key=value parser (DPC)
\KV@toks@=\toks16
)
("C:\Users\Konstantin Kobel\AppData\Local\Programs\MiKTeX 2.9\tex/generic/oberd
iek\ifpdf.sty"
Package: ifpdf 2018/09/07 v3.3 Provides the ifpdf switch
)
("C:\Users\Konstantin Kobel\AppData\Local\Programs\MiKTeX 2.9\tex/generic/oberd
iek\ifvtex.sty"
Package: ifvtex 2016/05/16 v1.6 Detect VTeX and its facilities (HO)
Package ifvtex Info: VTeX not detected.
)
("C:\Users\Konstantin Kobel\AppData\Local\Programs\MiKTeX 2.9\tex/generic/ifxet
ex\ifxetex.sty"
Package: ifxetex 2010/09/12 v0.6 Provides ifxetex conditional
)
\Gm@cnth=\count90
\Gm@cntv=\count91
\c@Gm@tempcnt=\count92
\Gm@bindingoffset=\dimen104
\Gm@wd@mp=\dimen105
\Gm@odd@mp=\dimen106
\Gm@even@mp=\dimen107
\Gm@layoutwidth=\dimen108
\Gm@layoutheight=\dimen109
\Gm@layouthoffset=\dimen110
\Gm@layoutvoffset=\dimen111
\Gm@dimlist=\toks17

("C:\Users\Konstantin Kobel\AppData\Local\Programs\MiKTeX 2.9\tex/latex/geometr
y\geometry.cfg"))
("C:\Users\Konstantin Kobel\AppData\Local\Programs\MiKTeX 2.9\tex/latex/graphic
s\graphicx.sty"
Package: graphicx 2017/06/01 v1.1a Enhanced LaTeX Graphics (DPC,SPQR)

("C:\Users\Konstantin Kobel\AppData\Local\Programs\MiKTeX 2.9\tex/latex/graphic
s\graphics.sty"
Package: graphics 2019/07/20 v1.3b Standard LaTeX Graphics (DPC,SPQR)

("C:\Users\Konstantin Kobel\AppData\Local\Programs\MiKTeX 2.9\tex/latex/graphic
s\trig.sty"
Package: trig 2016/01/03 v1.10 sin cos tan (DPC)
)
("C:\Users\Konstantin Kobel\AppData\Local\Programs\MiKTeX 2.9\tex/latex/graphic
s-cfg\graphics.cfg"
File: graphics.cfg 2016/06/04 v1.11 sample graphics configuration
)
Package graphics Info: Driver file: pdftex.def on input line 105.

("C:\Users\Konstantin Kobel\AppData\Local\Programs\MiKTeX 2.9\tex/latex/graphic
s-def\pdftex.def"
File: pdftex.def 2018/01/08 v1.0l Graphics/color driver for pdftex
))
\Gin@req@height=\dimen112
\Gin@req@width=\dimen113
)
("C:\Users\Konstantin Kobel\AppData\Local\Programs\MiKTeX 2.9\tex/latex/caption
\subcaption.sty"
Package: subcaption 2019/09/01 v1.3a Sub-captions (AR)

("C:\Users\Konstantin Kobel\AppData\Local\Programs\MiKTeX 2.9\tex/latex/caption
\caption.sty"
Package: caption 2019/09/01 v3.3d Customizing captions (AR)

("C:\Users\Konstantin Kobel\AppData\Local\Programs\MiKTeX 2.9\tex/latex/caption
\caption3.sty"
Package: caption3 2019/09/01 v1.8d caption3 kernel (AR)
Package caption3 Info: TeX engine: e-TeX on input line 64.
\captionmargin=\dimen114
\captionmargin@=\dimen115
\captionwidth=\dimen116
\caption@tempdima=\dimen117
\caption@indent=\dimen118
\caption@parindent=\dimen119
\caption@hangindent=\dimen120
)
\c@caption@flags=\count93
\c@ContinuedFloat=\count94
)
\c@subfigure=\count95
\c@subtable=\count96
)
("C:\Users\Konstantin Kobel\AppData\Local\Programs\MiKTeX 2.9\tex/latex/fancyhd
r\fancyhdr.sty"
Package: fancyhdr 2019/01/31 v3.10 Extensive control of page headers and footer
s
\f@nch@headwidth=\skip43
\f@nch@O@elh=\skip44
\f@nch@O@erh=\skip45
\f@nch@O@olh=\skip46
\f@nch@O@orh=\skip47
\f@nch@O@elf=\skip48
\f@nch@O@erf=\skip49
\f@nch@O@olf=\skip50
\f@nch@O@orf=\skip51
)
("C:\Users\Konstantin Kobel\AppData\Local\Programs\MiKTeX 2.9\tex/latex/pdfpage
s\pdfpages.sty"
Package: pdfpages 2019/09/21 v0.5n Insert pages of external PDF documents (AM)

("C:\Users\Konstantin Kobel\AppData\Local\Programs\MiKTeX 2.9\tex/latex/base\if
then.sty"
Package: ifthen 2014/09/29 v1.1c Standard LaTeX ifthen package (DPC)
)
("C:\Users\Konstantin Kobel\AppData\Local\Programs\MiKTeX 2.9\tex/latex/tools\c
alc.sty"
Package: calc 2017/05/25 v4.3 Infix arithmetic (KKT,FJ)
\calc@Acount=\count97
\calc@Bcount=\count98
\calc@Adimen=\dimen121
\calc@Bdimen=\dimen122
\calc@Askip=\skip52
\calc@Bskip=\skip53
LaTeX Info: Redefining \setlength on input line 80.
LaTeX Info: Redefining \addtolength on input line 81.
\calc@Ccount=\count99
\calc@Cskip=\skip54
)
("C:\Users\Konstantin Kobel\AppData\Local\Programs\MiKTeX 2.9\tex/latex/eso-pic
\eso-pic.sty"
Package: eso-pic 2018/04/12 v2.0h eso-pic (RN)

("C:\Users\Konstantin Kobel\AppData\Local\Programs\MiKTeX 2.9\tex/generic/oberd
iek\atbegshi.sty"
Package: atbegshi 2016/06/09 v1.18 At begin shipout hook (HO)

("C:\Users\Konstantin Kobel\AppData\Local\Programs\MiKTeX 2.9\tex/generic/oberd
iek\infwarerr.sty"
Package: infwarerr 2016/05/16 v1.4 Providing info/warning/error messages (HO)
)
("C:\Users\Konstantin Kobel\AppData\Local\Programs\MiKTeX 2.9\tex/generic/oberd
iek\ltxcmds.sty"
Package: ltxcmds 2016/05/16 v1.23 LaTeX kernel commands for general use (HO)
))
("C:\Users\Konstantin Kobel\AppData\Local\Programs\MiKTeX 2.9\tex/latex/xcolor\
xcolor.sty"
Package: xcolor 2016/05/11 v2.12 LaTeX color extensions (UK)

("C:\Users\Konstantin Kobel\AppData\Local\Programs\MiKTeX 2.9\tex/latex/graphic
s-cfg\color.cfg"
File: color.cfg 2016/01/02 v1.6 sample color configuration
)
Package xcolor Info: Driver file: pdftex.def on input line 225.
Package xcolor Info: Model `cmy' substituted by `cmy0' on input line 1348.
Package xcolor Info: Model `hsb' substituted by `rgb' on input line 1352.
Package xcolor Info: Model `RGB' extended on input line 1364.
Package xcolor Info: Model `HTML' substituted by `rgb' on input line 1366.
Package xcolor Info: Model `Hsb' substituted by `hsb' on input line 1367.
Package xcolor Info: Model `tHsb' substituted by `hsb' on input line 1368.
Package xcolor Info: Model `HSB' substituted by `hsb' on input line 1369.
Package xcolor Info: Model `Gray' substituted by `gray' on input line 1370.
Package xcolor Info: Model `wave' substituted by `hsb' on input line 1371.
))
\AM@pagewidth=\dimen123
\AM@pageheight=\dimen124

("C:\Users\Konstantin Kobel\AppData\Local\Programs\MiKTeX 2.9\tex/latex/pdfpage
s\pppdftex.def"
File: pppdftex.def 2019/09/21 v0.5n Pdfpages driver for pdfTeX (AM)
)
\AM@pagebox=\box27
\AM@global@opts=\toks18
\AM@toc@title=\toks19
\c@AM@survey=\count100
\AM@templatesizebox=\box28
)
("C:\Users\Konstantin Kobel\AppData\Local\Programs\MiKTeX 2.9\tex/latex/multiro
w\multirow.sty"
Package: multirow 2019/05/31 v2.5 Span multiple rows of a table
\multirow@colwidth=\skip55
\multirow@cntb=\count101
\multirow@dima=\skip56
\bigstrutjot=\dimen125
)
("C:\Users\Konstantin Kobel\AppData\Local\Programs\MiKTeX 2.9\tex/latex/amsmath
\amsmath.sty"
Package: amsmath 2019/04/01 v2.17c AMS math features
\@mathmargin=\skip57

For additional information on amsmath, use the `?' option.

("C:\Users\Konstantin Kobel\AppData\Local\Programs\MiKTeX 2.9\tex/latex/amsmath
\amstext.sty"
Package: amstext 2000/06/29 v2.01 AMS text

("C:\Users\Konstantin Kobel\AppData\Local\Programs\MiKTeX 2.9\tex/latex/amsmath
\amsgen.sty"
File: amsgen.sty 1999/11/30 v2.0 generic functions
\@emptytoks=\toks20
\ex@=\dimen126
))
("C:\Users\Konstantin Kobel\AppData\Local\Programs\MiKTeX 2.9\tex/latex/amsmath
\amsbsy.sty"
Package: amsbsy 1999/11/29 v1.2d Bold Symbols
\pmbraise@=\dimen127
)
("C:\Users\Konstantin Kobel\AppData\Local\Programs\MiKTeX 2.9\tex/latex/amsmath
\amsopn.sty"
Package: amsopn 2016/03/08 v2.02 operator names
)
\inf@bad=\count102
LaTeX Info: Redefining \frac on input line 227.
\uproot@=\count103
\leftroot@=\count104
LaTeX Info: Redefining \overline on input line 389.
\classnum@=\count105
\DOTSCASE@=\count106
LaTeX Info: Redefining \ldots on input line 486.
LaTeX Info: Redefining \dots on input line 489.
LaTeX Info: Redefining \cdots on input line 610.
\Mathstrutbox@=\box29
\strutbox@=\box30
\big@size=\dimen128
LaTeX Font Info:    Redeclaring font encoding OML on input line 733.
LaTeX Font Info:    Redeclaring font encoding OMS on input line 734.
\macc@depth=\count107
\c@MaxMatrixCols=\count108
\dotsspace@=\muskip10
\c@parentequation=\count109
\dspbrk@lvl=\count110
\tag@help=\toks21
\row@=\count111
\column@=\count112
\maxfields@=\count113
\andhelp@=\toks22
\eqnshift@=\dimen129
\alignsep@=\dimen130
\tagshift@=\dimen131
\tagwidth@=\dimen132
\totwidth@=\dimen133
\lineht@=\dimen134
\@envbody=\toks23
\multlinegap=\skip58
\multlinetaggap=\skip59
\mathdisplay@stack=\toks24
LaTeX Info: Redefining \[ on input line 2855.
LaTeX Info: Redefining \] on input line 2856.
) (LU2_Protokoll.aux)
\openout1 = `LU2_Protokoll.aux'.

LaTeX Font Info:    Checking defaults for OML/cmm/m/it on input line 16.
LaTeX Font Info:    ... okay on input line 16.
LaTeX Font Info:    Checking defaults for T1/cmr/m/n on input line 16.
LaTeX Font Info:    ... okay on input line 16.
LaTeX Font Info:    Checking defaults for OT1/cmr/m/n on input line 16.
LaTeX Font Info:    ... okay on input line 16.
LaTeX Font Info:    Checking defaults for OMS/cmsy/m/n on input line 16.
LaTeX Font Info:    ... okay on input line 16.
LaTeX Font Info:    Checking defaults for OMX/cmex/m/n on input line 16.
LaTeX Font Info:    ... okay on input line 16.
LaTeX Font Info:    Checking defaults for U/cmr/m/n on input line 16.
LaTeX Font Info:    ... okay on input line 16.

*geometry* driver: auto-detecting
*geometry* detected driver: pdftex
*geometry* verbose mode - [ preamble ] result:
* driver: pdftex
* paper: a4paper
* layout: <same size as paper>
* layoutoffset:(h,v)=(0.0pt,0.0pt)
* modes: 
* h-part:(L,W,R)=(71.13188pt, 455.24411pt, 71.13188pt)
* v-part:(T,H,B)=(101.40665pt, 591.5302pt, 152.11pt)
* \paperwidth=597.50787pt
* \paperheight=845.04684pt
* \textwidth=455.24411pt
* \textheight=591.5302pt
* \oddsidemargin=-1.1381pt
* \evensidemargin=-1.1381pt
* \topmargin=-7.86334pt
* \headheight=12.0pt
* \headsep=25.0pt
* \topskip=12.0pt
* \footskip=30.0pt
* \marginparwidth=35.0pt
* \marginparsep=10.0pt
* \columnsep=10.0pt
* \skip\footins=10.8pt plus 4.0pt minus 2.0pt
* \hoffset=0.0pt
* \voffset=0.0pt
* \mag=1000
* \@twocolumnfalse
* \@twosidefalse
* \@mparswitchfalse
* \@reversemarginfalse
* (1in=72.27pt=25.4mm, 1cm=28.453pt)


("C:\Users\Konstantin Kobel\AppData\Local\Programs\MiKTeX 2.9\tex/context/base/
mkii\supp-pdf.mkii"
[Loading MPS to PDF converter (version 2006.09.02).]
\scratchcounter=\count114
\scratchdimen=\dimen135
\scratchbox=\box31
\nofMPsegments=\count115
\nofMParguments=\count116
\everyMPshowfont=\toks25
\MPscratchCnt=\count117
\MPscratchDim=\dimen136
\MPnumerator=\count118
\makeMPintoPDFobject=\count119
\everyMPtoPDFconversion=\toks26
)
("C:\Users\Konstantin Kobel\AppData\Local\Programs\MiKTeX 2.9\tex/latex/oberdie
k\epstopdf-base.sty"
Package: epstopdf-base 2016/05/15 v2.6 Base part for package epstopdf

("C:\Users\Konstantin Kobel\AppData\Local\Programs\MiKTeX 2.9\tex/latex/oberdie
k\grfext.sty"
Package: grfext 2016/05/16 v1.2 Manage graphics extensions (HO)

("C:\Users\Konstantin Kobel\AppData\Local\Programs\MiKTeX 2.9\tex/generic/oberd
iek\kvdefinekeys.sty"
Package: kvdefinekeys 2016/05/16 v1.4 Define keys (HO)
))
("C:\Users\Konstantin Kobel\AppData\Local\Programs\MiKTeX 2.9\tex/latex/oberdie
k\kvoptions.sty"
Package: kvoptions 2016/05/16 v3.12 Key value format for package options (HO)

("C:\Users\Konstantin Kobel\AppData\Local\Programs\MiKTeX 2.9\tex/generic/oberd
iek\kvsetkeys.sty"
Package: kvsetkeys 2016/05/16 v1.17 Key value parser (HO)

("C:\Users\Konstantin Kobel\AppData\Local\Programs\MiKTeX 2.9\tex/generic/oberd
iek\etexcmds.sty"
Package: etexcmds 2016/05/16 v1.6 Avoid name clashes with e-TeX commands (HO)

("C:\Users\Konstantin Kobel\AppData\Local\Programs\MiKTeX 2.9\tex/generic/oberd
iek\ifluatex.sty"
Package: ifluatex 2016/05/16 v1.4 Provides the ifluatex switch (HO)
Package ifluatex Info: LuaTeX not detected.
))))
("C:\Users\Konstantin Kobel\AppData\Local\Programs\MiKTeX 2.9\tex/generic/oberd
iek\pdftexcmds.sty"
Package: pdftexcmds 2019/07/25 v0.30 Utility functions of pdfTeX for LuaTeX (HO
)
Package pdftexcmds Info: LuaTeX not detected.
Package pdftexcmds Info: \pdf@primitive is available.
Package pdftexcmds Info: \pdf@ifprimitive is available.
Package pdftexcmds Info: \pdfdraftmode found.
)
Package epstopdf-base Info: Redefining graphics rule for `.eps' on input line 4
38.
Package grfext Info: Graphics extension search list:
(grfext)             [.pdf,.png,.jpg,.mps,.jpeg,.jbig2,.jb2,.PDF,.PNG,.JPG,.JPE
G,.JBIG2,.JB2,.eps]
(grfext)             \AppendGraphicsExtensions on input line 456.
)
Package caption Info: Begin \AtBeginDocument code.
Package caption Info: End \AtBeginDocument code.
\AtBeginShipoutBox=\box32

("C:\Users\Konstantin Kobel\AppData\Local\Programs\MiKTeX 2.9\tex/latex/oberdie
k\pdflscape.sty"
Package: pdflscape 2016/05/14 v0.11 Display of landscape pages in PDF (HO)

("C:\Users\Konstantin Kobel\AppData\Local\Programs\MiKTeX 2.9\tex/latex/graphic
s\lscape.sty"
Package: lscape 2000/10/22 v3.01 Landscape Pages (DPC)
)
Package pdflscape Info: Auto-detected driver: pdftex on input line 81.
)
<LU2_Protokoll_titlepage.pdf, id=1, 597.50829pt x 845.0471pt>
File: LU2_Protokoll_titlepage.pdf Graphic file (type pdf)
<use LU2_Protokoll_titlepage.pdf>
Package pdftex.def Info: LU2_Protokoll_titlepage.pdf  used on input line 18.
(pdftex.def)             Requested size: 597.50682pt x 845.04504pt.
File: LU2_Protokoll_titlepage.pdf Graphic file (type pdf)
<use LU2_Protokoll_titlepage.pdf>
Package pdftex.def Info: LU2_Protokoll_titlepage.pdf  used on input line 18.
(pdftex.def)             Requested size: 597.50682pt x 845.04504pt.
<LU2_Protokoll_titlepage.pdf, id=4, page=1, 597.50829pt x 845.0471pt>
File: LU2_Protokoll_titlepage.pdf Graphic file (type pdf)
<use LU2_Protokoll_titlepage.pdf, page 1>
Package pdftex.def Info: LU2_Protokoll_titlepage.pdf , page1 used on input line
 18.
(pdftex.def)             Requested size: 597.50682pt x 845.04504pt.
File: LU2_Protokoll_titlepage.pdf Graphic file (type pdf)
<use LU2_Protokoll_titlepage.pdf, page 1>
Package pdftex.def Info: LU2_Protokoll_titlepage.pdf , page1 used on input line
 18.
(pdftex.def)             Requested size: 597.53416pt x 845.08372pt.
File: LU2_Protokoll_titlepage.pdf Graphic file (type pdf)
<use LU2_Protokoll_titlepage.pdf, page 1>
Package pdftex.def Info: LU2_Protokoll_titlepage.pdf , page1 used on input line
 18.
(pdftex.def)             Requested size: 597.53416pt x 845.08372pt.
File: LU2_Protokoll_titlepage.pdf Graphic file (type pdf)
<use LU2_Protokoll_titlepage.pdf, page 1>
Package pdftex.def Info: LU2_Protokoll_titlepage.pdf , page1 used on input line
 18.
(pdftex.def)             Requested size: 597.53416pt x 845.08372pt.
File: LU2_Protokoll_titlepage.pdf Graphic file (type pdf)
<use LU2_Protokoll_titlepage.pdf, page 1>
Package pdftex.def Info: LU2_Protokoll_titlepage.pdf , page1 used on input line
 18.
(pdftex.def)             Requested size: 597.53416pt x 845.08372pt.
 [1

 <./LU2_Protokoll_titlepage.pdf{C:/Users/Konstantin Kobel/AppData/Local/MiKTeX/
2.9/pdftex/config/pdftex.map}>]
Underfull \hbox (badness 10000) in paragraph at lines 20--24

 []


Package Fancyhdr Warning: \headheight is too small (12.0pt): 
Make it at least 14.49998pt.
We now make it that large for the rest of the document.
This may cause the page layout to be inconsistent, however.

[2] (LU2_Protokoll.toc)
\tf@toc=\write3
\openout3 = `LU2_Protokoll.toc'.

 [3]
<assets/blackbox.jpg, id=28, 2022.55624pt x 3265.19875pt>
File: assets/blackbox.jpg Graphic file (type jpg)
<use assets/blackbox.jpg>
Package pdftex.def Info: assets/blackbox.jpg  used on input line 35.
(pdftex.def)             Requested size: 227.62204pt x 367.44357pt.

Underfull \hbox (badness 10000) in paragraph at lines 31--40

 []


Underfull \hbox (badness 10000) in paragraph at lines 31--40

 []

[4 <./assets/blackbox.jpg>]
LaTeX Font Info:    Trying to load font information for OMS+cmr on input line 4
1.

("C:\Users\Konstantin Kobel\AppData\Local\Programs\MiKTeX 2.9\tex/latex/base\om
scmr.fd"
File: omscmr.fd 2014/09/29 v2.5h Standard LaTeX font definitions
)
LaTeX Font Info:    Font shape `OMS/cmr/m/n' in size <12> not available
(Font)              Font shape `OMS/cmsy/m/n' tried instead on input line 41.
 [5]
<assets/strommessung.jpg, id=36, 196.48407pt x 91.84312pt>
File: assets/strommessung.jpg Graphic file (type jpg)
<use assets/strommessung.jpg>
Package pdftex.def Info: assets/strommessung.jpg  used on input line 61.
(pdftex.def)             Requested size: 284.52756pt x 133.00652pt.

Underfull \hbox (badness 10000) in paragraph at lines 52--65

 []


Underfull \hbox (badness 10000) in paragraph at lines 52--65

 []


Underfull \hbox (badness 10000) in paragraph at lines 67--69

 []

[6 <./assets/strommessung.jpg>]
Overfull \vbox (14.83609pt too high) detected at line 99
 []


Overfull \hbox (11.79121pt too wide) in paragraph at lines 95--104
 [][] 
 []

<assets/digitalmultimeter.jpg, id=42, 1848.9075pt x 1013.7875pt>
File: assets/digitalmultimeter.jpg Graphic file (type jpg)
<use assets/digitalmultimeter.jpg>
Package pdftex.def Info: assets/digitalmultimeter.jpg  used on input line 113.
(pdftex.def)             Requested size: 284.52756pt x 156.0062pt.

Underfull \hbox (badness 10000) in paragraph at lines 74--117

 []


Underfull \hbox (badness 10000) in paragraph at lines 74--117

 []


Underfull \hbox (badness 10000) in paragraph at lines 74--117

 []


Underfull \hbox (badness 10000) in paragraph at lines 74--117

 []


Underfull \hbox (badness 10000) in paragraph at lines 74--117

 []

[7] [8 <./assets/digitalmultimeter.jpg>]
<assets/impedanzmessung.png, id=52, 292.6935pt x 152.36925pt>
File: assets/impedanzmessung.png Graphic file (type png)
<use assets/impedanzmessung.png>
Package pdftex.def Info: assets/impedanzmessung.png  used on input line 130.
(pdftex.def)             Requested size: 312.9803pt x 162.93117pt.

Underfull \hbox (badness 10000) in paragraph at lines 119--136

 []


Underfull \hbox (badness 10000) in paragraph at lines 119--136

 []


Underfull \hbox (badness 10000) in paragraph at lines 119--136

 []


Underfull \hbox (badness 10000) in paragraph at lines 119--136

 []


Underfull \hbox (badness 10000) in paragraph at lines 119--136

 []


Underfull \hbox (badness 10000) in paragraph at lines 119--136

 []


Underfull \hbox (badness 10000) in paragraph at lines 119--136

 []

[9 <./assets/impedanzmessung.png>]
<assets/strom_spannung.jpg, id=57, 3780.1225pt x 1896.08376pt>
File: assets/strom_spannung.jpg Graphic file (type jpg)
<use assets/strom_spannung.jpg>
Package pdftex.def Info: assets/strom_spannung.jpg  used on input line 142.
(pdftex.def)             Requested size: 312.9803pt x 156.98433pt.

Underfull \hbox (badness 10000) in paragraph at lines 137--148

 []


Underfull \hbox (badness 10000) in paragraph at lines 137--148

 []

[10 <./assets/strom_spannung.jpg>]
Underfull \hbox (badness 10000) in paragraph at lines 167--171

 []


Underfull \hbox (badness 10000) in paragraph at lines 167--171

 []


Underfull \hbox (badness 10000) in paragraph at lines 167--171

 []

[11] [12]
Underfull \hbox (badness 10000) in paragraph at lines 183--193

 []


Underfull \hbox (badness 10000) in paragraph at lines 183--193

 []


Underfull \hbox (badness 10000) in paragraph at lines 183--193

 []


Underfull \hbox (badness 10000) in paragraph at lines 183--193

 []


Underfull \hbox (badness 10000) in paragraph at lines 183--193

 []


Underfull \hbox (badness 10000) in paragraph at lines 183--193

 []


Underfull \hbox (badness 10000) in paragraph at lines 195--197

 []


Underfull \hbox (badness 10000) in paragraph at lines 197--198

 []


Underfull \hbox (badness 10000) in paragraph at lines 198--220

 []


LaTeX Warning: `h' float specifier changed to `ht'.

[13] [14]
Underfull \hbox (badness 10000) in paragraph at lines 230--250

 []


Underfull \hbox (badness 10000) in paragraph at lines 230--250

 []


Underfull \hbox (badness 10000) in paragraph at lines 230--250

 []


Underfull \hbox (badness 10000) in paragraph at lines 230--250

 []


Underfull \hbox (badness 10000) in paragraph at lines 230--250

 []

[15]
<assets/58methode.png, id=78, 183.68625pt x 66.84975pt>
File: assets/58methode.png Graphic file (type png)
<use assets/58methode.png>
Package pdftex.def Info: assets/58methode.png  used on input line 260.
(pdftex.def)             Requested size: 230.46748pt x 83.88123pt.
<assets/58methode_oszi.png, id=79, 803.0pt x 504.88625pt>
File: assets/58methode_oszi.png Graphic file (type png)
<use assets/58methode_oszi.png>
Package pdftex.def Info: assets/58methode_oszi.png  used on input line 268.
(pdftex.def)             Requested size: 284.52756pt x 178.90074pt.

Underfull \hbox (badness 10000) in paragraph at lines 252--274

 []


Underfull \hbox (badness 10000) in paragraph at lines 252--274

 []


Underfull \hbox (badness 10000) in paragraph at lines 252--274

 []


Underfull \hbox (badness 10000) in paragraph at lines 252--274

 []


Underfull \hbox (badness 10000) in paragraph at lines 252--274

 []


LaTeX Warning: `h' float specifier changed to `ht'.

[16 <./assets/58methode.png>]
Underfull \hbox (badness 10000) in paragraph at lines 275--277

 []


Underfull \hbox (badness 10000) in paragraph at lines 279--281

 []

[17 <./assets/58methode_oszi.png (PNG copy)>]
<assets/leistungsmessung.png, id=86, 223.43475pt x 109.00725pt>
File: assets/leistungsmessung.png Graphic file (type png)
<use assets/leistungsmessung.png>
Package pdftex.def Info: assets/leistungsmessung.png  used on input line 310.
(pdftex.def)             Requested size: 284.52756pt x 138.82854pt.
<assets/momentan-leistung.png, id=87, 803.0pt x 504.88625pt>
File: assets/momentan-leistung.png Graphic file (type png)
<use assets/momentan-leistung.png>
Package pdftex.def Info: assets/momentan-leistung.png  used on input line 331.
(pdftex.def)             Requested size: 284.52756pt x 178.90074pt.

Underfull \hbox (badness 10000) in paragraph at lines 301--346

 []


Underfull \hbox (badness 10000) in paragraph at lines 301--346

 []


Underfull \hbox (badness 10000) in paragraph at lines 301--346

 []


Underfull \hbox (badness 10000) in paragraph at lines 301--346

 []


Underfull \hbox (badness 10000) in paragraph at lines 301--346

 []


Underfull \hbox (badness 10000) in paragraph at lines 301--346

 []


Underfull \hbox (badness 10000) in paragraph at lines 301--346

 []


Underfull \hbox (badness 10000) in paragraph at lines 301--346

 []


Underfull \hbox (badness 10000) in paragraph at lines 301--346

 []

[18 <./assets/leistungsmessung.png>] [19 <./assets/momentan-leistung.png (PNG c
opy)>] [20] (LU2_Protokoll.lof)
\tf@lof=\write4
\openout4 = `LU2_Protokoll.lof'.

 [21] (LU2_Protokoll.lot)
\tf@lot=\write5
\openout5 = `LU2_Protokoll.lot'.

 [22]
(LU2_Protokoll.aux) ) 
Here is how much of TeX's memory you used:
 6028 strings out of 492452
 93599 string characters out of 3114924
 190781 words of memory out of 3000000
 10265 multiletter control sequences out of 15000+200000
 8568 words of font info for 31 fonts, out of 3000000 for 9000
 1141 hyphenation exceptions out of 8191
 46i,22n,46p,541b,434s stack positions out of 5000i,500n,10000p,200000b,50000s
<C:/Users/Konstantin Kobel/AppData/Local/Programs/MiKTeX 2
.9/fonts/type1/public/amsfonts/cm/cmbx12.pfb><C:/Users/Konstantin Kobel/AppData
/Local/Programs/MiKTeX 2.9/fonts/type1/public/amsfonts/cm/cmcsc10.pfb><C:/Users
/Konstantin Kobel/AppData/Local/Programs/MiKTeX 2.9/fonts/type1/public/amsfonts
/cm/cmex10.pfb><C:/Users/Konstantin Kobel/AppData/Local/Programs/MiKTeX 2.9/fon
ts/type1/public/amsfonts/cm/cmmi12.pfb><C:/Users/Konstantin Kobel/AppData/Local
/Programs/MiKTeX 2.9/fonts/type1/public/amsfonts/cm/cmmi6.pfb><C:/Users/Konstan
tin Kobel/AppData/Local/Programs/MiKTeX 2.9/fonts/type1/public/amsfonts/cm/cmmi
8.pfb><C:/Users/Konstantin Kobel/AppData/Local/Programs/MiKTeX 2.9/fonts/type1/
public/amsfonts/cm/cmr12.pfb><C:/Users/Konstantin Kobel/AppData/Local/Programs/
MiKTeX 2.9/fonts/type1/public/amsfonts/cm/cmr8.pfb><C:/Users/Konstantin Kobel/A
ppData/Local/Programs/MiKTeX 2.9/fonts/type1/public/amsfonts/cm/cmsy10.pfb><C:/
Users/Konstantin Kobel/AppData/Local/Programs/MiKTeX 2.9/fonts/type1/public/ams
fonts/cm/cmsy8.pfb>
Output written on LU2_Protokoll.pdf (22 pages, 5787809 bytes).
PDF statistics:
 134 PDF objects out of 1000 (max. 8388607)
 0 named destinations out of 1000 (max. 500000)
 66 words of extra memory for PDF output out of 10000 (max. 10000000)

